[root@10-53-39-98 build]# ./examples/dl_file
初始化 sdk 成功
finish thpool_add_work!
curl_easy_perform: start=1612404586
curl_easy_perform: end=1612404587
curl_easy_perform: timeuse=1044 ms
timeuse=1045 ms 
start=1612404586
end=1612404587
index=42130
curl_easy_perform: start=1612404586
curl_easy_perform: end=1612404587
curl_easy_perform: timeuse=1110 ms
timeuse=1111 ms 
start=1612404586
end=1612404587
index=42108
curl_easy_perform: start=1612404586
curl_easy_perform: end=1612404587
curl_easy_perform: timeuse=1050 ms
timeuse=1050 ms 
start=1612404586
end=1612404587
index=42133
curl_easy_perform: start=1612404586
curl_easy_perform: end=1612404587
curl_easy_perform: timeuse=1110 ms
timeuse=1110 ms 
start=1612404586
end=1612404587
index=42111
curl_easy_perform: start=1612404586
curl_easy_perform: end=1612404587
curl_easy_perform: timeuse=1056 ms
timeuse=1056 ms 
start=1612404586
end=1612404587
index=42136
curl_easy_perform: start=1612404586
curl_easy_perform: end=1612404587
curl_easy_perform: timeuse=1083 ms
timeuse=1083 ms 
start=1612404586
end=1612404587
index=42128
curl_easy_perform: start=1612404586
curl_easy_perform: end=1612404587
curl_easy_perform: timeuse=1061 ms
timeuse=1061 ms 
start=1612404586
end=1612404587
index=42137
curl_easy_perform: start=1612404586
curl_easy_perform: end=1612404587
curl_easy_perform: timeuse=1020 ms
timeuse=1020 ms 
start=1612404586
end=1612404587
index=42205
curl_easy_perform: start=1612404586
curl_easy_perform: end=1612404587
curl_easy_perform: timeuse=1018 ms
timeuse=1018 ms 
start=1612404586
end=1612404587
index=42207
curl_easy_perform: start=1612404586
curl_easy_perform: end=1612404587
curl_easy_perform: timeuse=1021 ms
timeuse=1021 ms 
start=1612404586
end=1612404587
index=42206
curl_easy_perform: start=1612404639
curl_easy_perform: end=1612404640
curl_easy_perform: timeuse=1028 ms
timeuse=1028 ms 
start=1612404639
end=1612404640
index=86378
curl_easy_perform: start=1612404639
curl_easy_perform: end=1612404640
curl_easy_perform: timeuse=1039 ms
timeuse=1039 ms 
start=1612404639
end=1612404640
index=86374
curl_easy_perform: start=1612404639
curl_easy_perform: end=1612404640
curl_easy_perform: timeuse=1058 ms
timeuse=1058 ms 
start=1612404639
end=1612404640
index=86372
curl_easy_perform: start=1612404639
curl_easy_perform: end=1612404640
curl_easy_perform: timeuse=1068 ms
timeuse=1068 ms 
start=1612404639
end=1612404640
index=86368
curl_easy_perform: start=1612404670
curl_easy_perform: end=1612404671
curl_easy_perform: timeuse=1062 ms
timeuse=1062 ms 
start=1612404670
end=1612404671
index=115096
curl_easy_perform: start=1612404700
curl_easy_perform: end=1612404701
curl_easy_perform: timeuse=1026 ms
timeuse=1026 ms 
start=1612404700
end=1612404701
index=135887
curl_easy_perform: start=1612404700
curl_easy_perform: end=1612404701
curl_easy_perform: timeuse=1018 ms
timeuse=1018 ms 
start=1612404700
end=1612404701
index=135891
curl_easy_perform: start=1612404700
curl_easy_perform: end=1612404701
curl_easy_perform: timeuse=1026 ms
timeuse=1026 ms 
start=1612404700
end=1612404701
index=135892
curl_easy_perform: start=1612404700
curl_easy_perform: end=1612404701
curl_easy_perform: timeuse=1044 ms
timeuse=1044 ms 
start=1612404700
end=1612404701
index=135888
curl_easy_perform: start=1612404700
curl_easy_perform: end=1612404701
curl_easy_perform: timeuse=1020 ms
timeuse=1021 ms 
start=1612404700
end=1612404701
index=135903
curl_easy_perform: start=1612404700
curl_easy_perform: end=1612404701
curl_easy_perform: timeuse=1023 ms
timeuse=1024 ms 
start=1612404700
end=1612404701
index=135905
curl_easy_perform: start=1612404700
curl_easy_perform: end=1612404701
curl_easy_perform: timeuse=1037 ms
timeuse=1038 ms 
start=1612404700
end=1612404701
index=135898
curl_easy_perform: start=1612404700
curl_easy_perform: end=1612404701
curl_easy_perform: timeuse=1020 ms
timeuse=1020 ms 
start=1612404700
end=1612404701
index=135907
curl_easy_perform: start=1612404700
curl_easy_perform: end=1612404701
curl_easy_perform: timeuse=1024 ms
timeuse=1024 ms 
start=1612404700
end=1612404701
index=135916
curl_easy_perform: start=1612404723
curl_easy_perform: end=1612404724
curl_easy_perform: timeuse=1073 ms
timeuse=1073 ms 
start=1612404723
end=1612404724
index=151818
curl_easy_perform: start=1612404736
curl_easy_perform: end=1612404737
curl_easy_perform: timeuse=1096 ms
timeuse=1096 ms 
start=1612404736
end=1612404737
index=168513
curl_easy_perform: start=1612404836
curl_easy_perform: end=1612404837
curl_easy_perform: timeuse=1020 ms
timeuse=1020 ms 
start=1612404836
end=1612404837
index=248402
curl_easy_perform: start=1612404843
curl_easy_perform: end=1612404844
curl_easy_perform: timeuse=1007 ms
timeuse=1007 ms 
start=1612404843
end=1612404844
index=273807
curl_easy_perform: start=1612404855
curl_easy_perform: end=1612404856
curl_easy_perform: timeuse=1016 ms
timeuse=1016 ms 
start=1612404855
end=1612404856
index=306835
curl_easy_perform: start=1612404881
curl_easy_perform: end=1612404882
curl_easy_perform: timeuse=1006 ms
timeuse=1006 ms 
start=1612404881
end=1612404882
index=333471
curl_easy_perform: start=1612404915
curl_easy_perform: end=1612404916
curl_easy_perform: timeuse=1026 ms
timeuse=1026 ms 
start=1612404915
end=1612404916
index=408283
curl_easy_perform: start=1612404956
curl_easy_perform: end=1612404957
curl_easy_perform: timeuse=1011 ms
timeuse=1012 ms 
start=1612404956
end=1612404957
index=453978
curl_easy_perform: start=1612404987
curl_easy_perform: end=1612404988
curl_easy_perform: timeuse=1036 ms
timeuse=1037 ms 
start=1612404987
end=1612404988
index=501492
curl_easy_perform: start=1612405042
curl_easy_perform: end=1612405044
curl_easy_perform: timeuse=1038 ms
timeuse=1039 ms 
start=1612405042
end=1612405044
index=548981
curl_easy_perform: start=1612405042
curl_easy_perform: end=1612405044
curl_easy_perform: timeuse=1050 ms
timeuse=1050 ms 
start=1612405042
end=1612405044
index=548979
curl_easy_perform: start=1612405091
curl_easy_perform: end=1612405092
curl_easy_perform: timeuse=1011 ms
timeuse=1011 ms 
start=1612405091
end=1612405092
index=583432
curl_easy_perform: start=1612405103
curl_easy_perform: end=1612405104
curl_easy_perform: timeuse=1028 ms
timeuse=1046 ms 
start=1612405103
end=1612405104
index=599756
curl_easy_perform: start=1612405114
curl_easy_perform: end=1612405115
curl_easy_perform: timeuse=1033 ms
timeuse=1033 ms 
start=1612405114
end=1612405115
index=609009
curl_easy_perform: start=1612405123
curl_easy_perform: end=1612405124
curl_easy_perform: timeuse=1010 ms
timeuse=1010 ms 
start=1612405123
end=1612405124
index=617607
curl_easy_perform: start=1612405123
curl_easy_perform: end=1612405124
curl_easy_perform: timeuse=1016 ms
timeuse=1016 ms 
start=1612405123
end=1612405124
index=617603
curl_easy_perform: start=1612405123
curl_easy_perform: end=1612405124
curl_easy_perform: timeuse=1015 ms
timeuse=1015 ms 
start=1612405123
end=1612405124
index=617613
curl_easy_perform: start=1612405123
curl_easy_perform: end=1612405124
curl_easy_perform: timeuse=1018 ms
timeuse=1018 ms 
start=1612405123
end=1612405124
index=617612
curl_easy_perform: start=1612405153
curl_easy_perform: end=1612405154
curl_easy_perform: timeuse=1048 ms
timeuse=1049 ms 
start=1612405153
end=1612405154
index=721442
curl_easy_perform: start=1612405164
curl_easy_perform: end=1612405165
curl_easy_perform: timeuse=1024 ms
timeuse=1024 ms 
start=1612405164
end=1612405165
index=775085
curl_easy_perform: start=1612405166
curl_easy_perform: end=1612405167
curl_easy_perform: timeuse=1033 ms
timeuse=1035 ms 
start=1612405166
end=1612405167
index=780580
curl_easy_perform: start=1612405187
curl_easy_perform: end=1612405188
curl_easy_perform: timeuse=1012 ms
timeuse=1012 ms 
start=1612405187
end=1612405188
index=816389
curl_easy_perform: start=1612405187
curl_easy_perform: end=1612405188
curl_easy_perform: timeuse=1014 ms
timeuse=1014 ms 
start=1612405187
end=1612405188
index=816388
curl_easy_perform: start=1612405187
curl_easy_perform: end=1612405188
curl_easy_perform: timeuse=1013 ms
timeuse=1013 ms 
start=1612405187
end=1612405188
index=816390
curl_easy_perform: start=1612405187
curl_easy_perform: end=1612405188
curl_easy_perform: timeuse=1012 ms
timeuse=1013 ms 
start=1612405187
end=1612405188
index=816399
curl_easy_perform: start=1612405193
curl_easy_perform: end=1612405194
curl_easy_perform: timeuse=1038 ms
timeuse=1039 ms 
start=1612405193
end=1612405194
index=821116
curl_easy_perform: start=1612405193
curl_easy_perform: end=1612405194
curl_easy_perform: timeuse=1085 ms
timeuse=1085 ms 
start=1612405193
end=1612405194
index=821118
curl_easy_perform: start=1612405193
curl_easy_perform: end=1612405194
curl_easy_perform: timeuse=1079 ms
timeuse=1090 ms 
start=1612405193
end=1612405194
index=821121
curl_easy_perform: start=1612405198
curl_easy_perform: end=1612405199
curl_easy_perform: timeuse=505 ms
timeuse=505 ms 
start=1612405198
end=1612405199
index=823522
curl_easy_perform: start=1612405199
curl_easy_perform: end=1612405200
curl_easy_perform: timeuse=1016 ms
timeuse=1027 ms 
start=1612405199
end=1612405200
index=823621
curl_easy_perform: start=1612405199
curl_easy_perform: end=1612405200
curl_easy_perform: timeuse=1021 ms
timeuse=1021 ms 
start=1612405199
end=1612405200
index=823654
curl_easy_perform: start=1612405199
curl_easy_perform: end=1612405200
curl_easy_perform: timeuse=1029 ms
timeuse=1030 ms 
start=1612405199
end=1612405200
index=823652
curl_easy_perform: start=1612405199
curl_easy_perform: end=1612405200
curl_easy_perform: timeuse=1035 ms
timeuse=1036 ms 
start=1612405199
end=1612405200
index=823663
curl_easy_perform: start=1612405199
curl_easy_perform: end=1612405200
curl_easy_perform: timeuse=1032 ms
timeuse=1032 ms 
start=1612405199
end=1612405200
index=823670
curl_easy_perform: start=1612405199
curl_easy_perform: end=1612405200
curl_easy_perform: timeuse=1043 ms
timeuse=1043 ms 
start=1612405199
end=1612405200
index=823678
curl_easy_perform: start=1612405199
curl_easy_perform: end=1612405200
curl_easy_perform: timeuse=1053 ms
timeuse=1054 ms 
start=1612405199
end=1612405200
index=823692
curl_easy_perform: start=1612405199
curl_easy_perform: end=1612405200
curl_easy_perform: timeuse=1072 ms
timeuse=1073 ms 
start=1612405199
end=1612405200
index=823685
curl_easy_perform: start=1612405199
curl_easy_perform: end=1612405200
curl_easy_perform: timeuse=1046 ms
timeuse=1046 ms 
start=1612405199
end=1612405200
index=823700
curl_easy_perform: start=1612405199
curl_easy_perform: end=1612405200
curl_easy_perform: timeuse=1039 ms
timeuse=1039 ms 
start=1612405199
end=1612405200
index=823715
curl_easy_perform: start=1612405199
curl_easy_perform: end=1612405200
curl_easy_perform: timeuse=1024 ms
timeuse=1024 ms 
start=1612405199
end=1612405200
index=823720
curl_easy_perform: start=1612405199
curl_easy_perform: end=1612405200
curl_easy_perform: timeuse=1017 ms
timeuse=1018 ms 
start=1612405199
end=1612405200
index=823729
curl_easy_perform: start=1612405199
curl_easy_perform: end=1612405200
curl_easy_perform: timeuse=1035 ms
timeuse=1036 ms 
start=1612405199
end=1612405200
index=823730
curl_easy_perform: start=1612405199
curl_easy_perform: end=1612405200
curl_easy_perform: timeuse=1029 ms
timeuse=1029 ms 
start=1612405199
end=1612405200
index=823731
curl_easy_perform: start=1612405222
curl_easy_perform: end=1612405223
curl_easy_perform: timeuse=1050 ms
timeuse=1050 ms 
start=1612405222
end=1612405223
index=854917
curl_easy_perform: start=1612405228
curl_easy_perform: end=1612405229
curl_easy_perform: timeuse=1072 ms
timeuse=1072 ms 
start=1612405228
end=1612405229
index=872227
curl_easy_perform: start=1612405230
curl_easy_perform: end=1612405231
curl_easy_perform: timeuse=1048 ms
timeuse=1049 ms 
start=1612405230
end=1612405231
index=875076
curl_easy_perform: start=1612405260
curl_easy_perform: end=1612405262
curl_easy_perform: timeuse=1104 ms
timeuse=1105 ms 
start=1612405260
end=1612405262
index=901930
curl_easy_perform: start=1612405306
curl_easy_perform: end=1612405306
curl_easy_perform: timeuse=508 ms
timeuse=509 ms 
start=1612405306
end=1612405306
index=958090
curl_easy_perform: start=1612405306
curl_easy_perform: end=1612405306
curl_easy_perform: timeuse=523 ms
timeuse=523 ms 
start=1612405306
end=1612405306
index=958097
curl_easy_perform: start=1612405306
curl_easy_perform: end=1612405306
curl_easy_perform: timeuse=594 ms
timeuse=595 ms 
start=1612405306
end=1612405306
index=958057
curl_easy_perform: start=1612405306
curl_easy_perform: end=1612405306
curl_easy_perform: timeuse=566 ms
timeuse=566 ms 
start=1612405306
end=1612405306
index=958078
curl_easy_perform: start=1612405306
curl_easy_perform: end=1612405306
curl_easy_perform: timeuse=585 ms
timeuse=586 ms 
start=1612405306
end=1612405306
index=958073
curl_easy_perform: start=1612405306
curl_easy_perform: end=1612405306
curl_easy_perform: timeuse=602 ms
timeuse=603 ms 
start=1612405306
end=1612405306
index=958068
curl_easy_perform: start=1612405306
curl_easy_perform: end=1612405306
curl_easy_perform: timeuse=663 ms
timeuse=663 ms 
start=1612405306
end=1612405306
index=958050
curl_easy_perform: start=1612405306
curl_easy_perform: end=1612405306
curl_easy_perform: timeuse=566 ms
timeuse=567 ms 
start=1612405306
end=1612405306
index=958136
curl_easy_perform: start=1612405306
curl_easy_perform: end=1612405306
curl_easy_perform: timeuse=667 ms
timeuse=668 ms 
start=1612405306
end=1612405306
index=958084
curl_easy_perform: start=1612405306
curl_easy_perform: end=1612405307
curl_easy_perform: timeuse=623 ms
timeuse=623 ms 
start=1612405306
end=1612405307
index=958133
curl_easy_perform: start=1612405306
curl_easy_perform: end=1612405307
curl_easy_perform: timeuse=653 ms
timeuse=653 ms 
start=1612405306
end=1612405307
index=958126
curl_easy_perform: start=1612405306
curl_easy_perform: end=1612405307
curl_easy_perform: timeuse=1023 ms
timeuse=1023 ms 
start=1612405306
end=1612405307
index=958154
curl_easy_perform: start=1612405306
curl_easy_perform: end=1612405307
curl_easy_perform: timeuse=1016 ms
timeuse=1016 ms 
start=1612405306
end=1612405307
index=958171
curl_easy_perform: start=1612405306
curl_easy_perform: end=1612405307
curl_easy_perform: timeuse=1018 ms
timeuse=1018 ms 
start=1612405306
end=1612405307
index=958194
curl_easy_perform: start=1612405306
curl_easy_perform: end=1612405307
curl_easy_perform: timeuse=1023 ms
timeuse=1024 ms 
start=1612405306
end=1612405307
index=958195
curl_easy_perform: start=1612405306
curl_easy_perform: end=1612405307
curl_easy_perform: timeuse=1014 ms
timeuse=1014 ms 
start=1612405306
end=1612405307
index=958205
curl_easy_perform: start=1612405306
curl_easy_perform: end=1612405307
curl_easy_perform: timeuse=1018 ms
timeuse=1018 ms 
start=1612405306
end=1612405307
index=958212
curl_easy_perform: start=1612405306
curl_easy_perform: end=1612405307
curl_easy_perform: timeuse=1013 ms
timeuse=1013 ms 
start=1612405306
end=1612405307
index=958219
curl_easy_perform: start=1612405306
curl_easy_perform: end=1612405307
curl_easy_perform: timeuse=1017 ms
timeuse=1018 ms 
start=1612405306
end=1612405307
index=958226
curl_easy_perform: start=1612405306
curl_easy_perform: end=1612405307
curl_easy_perform: timeuse=1017 ms
timeuse=1017 ms 
start=1612405306
end=1612405307
index=958236
curl_easy_perform: start=1612405306
curl_easy_perform: end=1612405307
curl_easy_perform: timeuse=1029 ms
timeuse=1029 ms 
start=1612405306
end=1612405307
index=958241
curl_easy_perform: start=1612405306
curl_easy_perform: end=1612405307
curl_easy_perform: timeuse=1022 ms
timeuse=1022 ms 
start=1612405306
end=1612405307
index=958250
curl_easy_perform: start=1612405306
curl_easy_perform: end=1612405307
curl_easy_perform: timeuse=1040 ms
timeuse=1040 ms 
start=1612405306
end=1612405307
index=958247
curl_easy_perform: start=1612405306
curl_easy_perform: end=1612405307
curl_easy_perform: timeuse=1036 ms
curl_easy_perform: start=1612405306
curl_easy_perform: end=1612405307
curl_easy_perform: timeuse=1016 ms
timeuse=1017 ms 
start=1612405306
end=1612405307
index=958268
curl_easy_perform: start=1612405306
curl_easy_perform: end=1612405307
curl_easy_perform: timeuse=1019 ms
timeuse=1019 ms 
start=1612405306
end=1612405307
index=958271
timeuse=1051 ms 
start=1612405306
end=1612405307
index=958258
curl_easy_perform: start=1612405306
curl_easy_perform: end=1612405307
curl_easy_perform: timeuse=1019 ms
timeuse=1019 ms 
start=1612405306
end=1612405307
index=958278
curl_easy_perform: start=1612405306
curl_easy_perform: end=1612405307
curl_easy_perform: timeuse=1020 ms
timeuse=1020 ms 
start=1612405306
end=1612405307
index=958281
curl_easy_perform: start=1612405306
curl_easy_perform: end=1612405307
curl_easy_perform: timeuse=1019 ms
timeuse=1020 ms 
start=1612405306
end=1612405307
index=958286
curl_easy_perform: start=1612405324
curl_easy_perform: end=1612405325
curl_easy_perform: timeuse=1025 ms
timeuse=1025 ms 
start=1612405324
end=1612405325
index=970250
curl_easy_perform: start=1612405324
curl_easy_perform: end=1612405325
curl_easy_perform: timeuse=1045 ms
timeuse=1045 ms 
start=1612405324
end=1612405325
index=970245
[root@10-53-39-98 build]# 
